﻿------------------------------------------------------
1.1.3
------------------------------------------------------
* Adjusted maximum value for maximum distance up to which nameplates are shown to 20 in the options as this is the maximum value possible in Classic.

﻿------------------------------------------------------
1.1.2
------------------------------------------------------
* Finally fixed a Lua error when Ace3 was not installed seperately as an addon.

﻿------------------------------------------------------
1.1.1
------------------------------------------------------
* Fixed a Lua error when Ace3 was not installed seperately as an addon.

﻿------------------------------------------------------
1.1.0
------------------------------------------------------
* Added threat support (via LibThreatClassic).
* Fixed a Lua error when internal totem information was outdated.

﻿------------------------------------------------------
1.0.0
------------------------------------------------------
* Basic port of Threat Plates 9.1.13 to WoW Classic.

